<?xml version="1.0" encoding="UTF-8"?>
<!-- Generated by org.testng.reporters.JUnitReportReporter -->
<testsuite ignored="0" hostname="DESKTOP-8TF9K5N" failures="0" tests="1" name="pruebaSelenium.NewTest" time="3.250" errors="0" timestamp="01 Oct 2023 19:38:10 GMT" skipped="0">
  <testcase classname="pruebaSelenium.NewTest" name="f" time="3.250"/>
</testsuite> <!-- pruebaSelenium.NewTest -->
